/BATCH  
/COM,ANSYS RELEASE 2020 R2           BUILD 20.2      UP20200601       02:39:42
/input,menust,tmp,''
/COM,ANSYS RELEASE 2020 R2           BUILD 20.2      UP20200601       02:39:42
/GRA,POWER
/GST,ON
/PLO,INFO,3
/GRO,CURL,ON
/CPLANE,1   
/REPLOT,RESIZE  
WPSTYLE,,,,,,,,0
/DIST, 1 ,1.082226,1
/REP,FAST   
/DIST, 1 ,1.082226,1
/REP,FAST   
/DIST, 1 ,0.924021,1
/REP,FAST   
/DIST, 1 ,0.924021,1
/REP,FAST   
WPSTYLE,,,,,,,,1
WPSTYLE,,,,,,,,0
/POST1  
!*  
/EFACET,1   
PLNSOL, S,EQV, 0,1.0
! outres, all, all  
/DIST, 1 ,1.082226,1
/REP,FAST   
FINISH  
/SOL
FINISH  
/PREP7  
FINISH  
/SOL
FINISH  
/POST26 
FILE,'Bracket','rst','.'
/UI,COLL,1  
NUMVAR,200  
SOLU,191,NCMIT  
STORE,MERGE 
FILLDATA,191,,,,1,1 
REALVAR,191,191 
FINISH  
/POST1  
FINISH  
/AUX12  
FINISH  
/POST26 
NUMVAR,200  
FILLDATA,191,,,,1,1 
REALVAR,191,191 
FINISH  
/SOL
FINISH  
/POST1  
FINISH  
! /EXIT,NOSAV   
/BATCH  
/COM,ANSYS RELEASE 2020 R2           BUILD 20.2      UP20200601       02:43:16
/input,menust,tmp,''
/COM,ANSYS RELEASE 2020 R2           BUILD 20.2      UP20200601       02:43:16
/GRA,POWER
/GST,ON
/PLO,INFO,3
/GRO,CURL,ON
/CPLANE,1   
/REPLOT,RESIZE  
WPSTYLE,,,,,,,,0
/AUX12  
FINISH  
/POST26 
FILE,'Bracket','rst','.'
/UI,COLL,1  
NUMVAR,200  
SOLU,191,NCMIT  
STORE,MERGE 
FILLDATA,191,,,,1,1 
REALVAR,191,191 
FINISH  
/POST1  
PLDISP,1
!*  
PRNSOL,S,PRIN   
/SHOW,WIN32C
SET,FIRST   
/PLOPTS,INFO,3  
/CONTOUR,ALL,18 
/PNUM,MAT,1 
/NUMBER,1   
/REPLOT,RESIZE  
eplot   
PLNSOL,S,EQV
PLNSOL,S,1  
PLNSOL,S,1  
*CSET,1,2,S,1   
!*  
ANTIME,10,0.5, ,1,0,0,0 
!*  
!*  
PLNS,S,EQV  
ANTIME,100,0.5, ,1,0,0,0
!*  
PLNSOL,S,EQV
PLNSOL,S,EQV
PLNSOL,S,EQV
PLNSOL,S,1  
!*  
PLNS,S,EQV  
ANTIME,100,0.1, ,1,0,0,0
!*  
! /UIS,ABORT,1  
/SHOW,WIN32 
/REPLOT,RESIZE  
!*  
/EFACET,1   
PLNSOL, S,1, 0,1.0  
!*  
/EFACET,1   
PLNSOL, S,EQV, 0,1.0
FINISH  
! /EXIT,ALL 
/BATCH  
/COM,ANSYS RELEASE 2020 R2           BUILD 20.2      UP20200601       22:58:17
/input,menust,tmp,''
/GRA,POWER
/GST,ON
/PLO,INFO,3
/GRO,CURL,ON
/CPLANE,1   
/REPLOT,RESIZE  
WPSTYLE,,,,,,,,0
/POST1  
FINISH  
/SOL
FINISH  
/POST1  
SET,LIST
FINISH  
/SOL
/STATUS,SOLU
SOLVE   
FINISH  
/PREP7  
!*  
ET,1,PLANE183   
!*  
KEYOPT,1,1,0
KEYOPT,1,3,3
KEYOPT,1,6,0
!*  
/TITLE,Brandon Ho's Bracket 
!*  
R,1,0.125,  
!*  
/DIST, 1 ,0.924021,1
/REP,FAST   
!*  
MPTEMP,,,,,,,,  
MPTEMP,1,0  
MPDATA,EX,1,,29e6   
MPDATA,PRXY,1,,0.3  
SAVE
/DIST, 1 ,0.924021,1
/REP,FAST   
/DIST, 1 ,0.924021,1
/REP,FAST   
/DIST, 1 ,1.082226,1
/REP,FAST   
WPSTYLE,,,,,,,,1
wpstyle,1,1,0,12,0.003,0,0,,5   
/DIST, 1 ,1.371742,1
/REP,FAST   
/DIST, 1 ,1.371742,1
/REP,FAST   
/DIST, 1 ,1.371742,1
/REP,FAST   
/DIST, 1 ,1.371742,1
/REP,FAST   
/DIST, 1 ,1.371742,1
/REP,FAST   
/DIST, 1 ,1.371742,1
/REP,FAST   
/DIST, 1 ,1.371742,1
/REP,FAST   
/AUTO, 1
/REP
/FOC, 1 ,0.300000,,,1   
/REP,FAST   
/FOC, 1 ,0.300000,,,1   
/REP,FAST   
/DIST, 1 ,1.371742,1
/REP,FAST   
/DIST, 1 ,1.371742,1
/REP,FAST   
/DIST, 1 ,1.371742,1
/REP,FAST   
/DIST, 1 ,1.371742,1
/REP,FAST   
/DIST, 1 ,1.371742,1
/REP,FAST   
/DIST, 1 ,1.371742,1
/REP,FAST   
/DIST, 1 ,1.371742,1
/REP,FAST   
/DIST, 1 ,1.371742,1
/REP,FAST   
/DIST, 1 ,1.371742,1
/REP,FAST   
/DIST, 1 ,1.371742,1
/REP,FAST   
/DIST, 1 ,1.371742,1
/REP,FAST   
/FOC, 1 ,,0.300000,,1   
/REP,FAST   
/FOC, 1 ,,0.300000,,1   
/REP,FAST   
/DIST, 1 ,0.729000,1
/REP,FAST   
/DIST, 1 ,0.729000,1
/REP,FAST   
/FOC, 1 ,,-0.300000,,1  
/REP,FAST   
/FOC, 1 ,0.300000,,,1   
/REP,FAST   
/DIST, 1 ,0.729000,1
/REP,FAST   
/FOC, 1 ,,-0.300000,,1  
/REP,FAST   
/FOC, 1 ,0.300000,,,1   
/REP,FAST   
/FOC, 1 ,0.300000,,,1   
/REP,FAST   
/DIST, 1 ,1.082226,1
/REP,FAST   
BLC4,0,12,4,-2  
BLC4,4,12,7,-2  
CYL4,11,11,1
CYL4,0,10,0,0,4,-90 
FLST,2,3,5,ORDE,3   
FITEM,2,1   
FITEM,2,-2  
FITEM,2,4   
AGLUE,P51X  
/DIST, 1 ,0.924021,1
/REP,FAST   
/DIST, 1 ,0.924021,1
/REP,FAST   
/DIST, 1 ,0.924021,1
/REP,FAST   
!*  
LFILLT,18,17,0.5, , 
/DIST, 1 ,0.924021,1
/REP,FAST   
/DIST, 1 ,1.082226,1
/REP,FAST   
/DIST, 1 ,0.924021,1
/REP,FAST   
LPLOT   
/DIST, 1 ,0.924021,1
/REP,FAST   
/DIST, 1 ,0.924021,1
/REP,FAST   
/ZOOM,1,RECT,-0.361303,0.752459 ,-0.0661474077389 ,0.570491777371   
/ZOOM,1,RECT,-0.0735263,0.506557 ,-0.208806026703 ,0.646721282106   
/DIST, 1 ,1.082226,1
/REP,FAST   
/DIST, 1 ,1.082226,1
/REP,FAST   
/DIST, 1 ,1.082226,1
/REP,FAST   
/DIST, 1 ,1.082226,1
/REP,FAST   
/DIST, 1 ,1.082226,1
/REP,FAST   
/DIST, 1 ,1.082226,1
/REP,FAST   
/DIST, 1 ,1.082226,1
/REP,FAST   
/DIST, 1 ,1.082226,1
/REP,FAST   
/DIST, 1 ,1.082226,1
/REP,FAST   
/DIST, 1 ,1.082226,1
/REP,FAST   
/DIST, 1 ,1.371742,1
/REP,FAST   
/DIST, 1 ,1.371742,1
/REP,FAST   
/DIST, 1 ,1.371742,1
/REP,FAST   
/DIST, 1 ,1.371742,1
/REP,FAST   
/DIST, 1 ,1.371742,1
/REP,FAST   
/DIST, 1 ,1.371742,1
/REP,FAST   
/DIST, 1 ,1.371742,1
/REP,FAST   
/DIST, 1 ,1.371742,1
/REP,FAST   
/DIST, 1 ,1.371742,1
/REP,FAST   
/DIST, 1 ,1.371742,1
/REP,FAST   
/DIST, 1 ,1.371742,1
/REP,FAST   
FLST,2,3,4  
FITEM,2,8   
FITEM,2,7   
FITEM,2,5   
AL,P51X 
/DIST, 1 ,1.082226,1
/REP,FAST   
/DIST, 1 ,1.082226,1
/REP,FAST   
/DIST, 1 ,1.082226,1
/REP,FAST   
/DIST, 1 ,1.082226,1
/REP,FAST   
/DIST, 1 ,1.082226,1
/REP,FAST   
/DIST, 1 ,1.082226,1
/REP,FAST   
/DIST, 1 ,1.082226,1
/REP,FAST   
/DIST, 1 ,1.082226,1
/REP,FAST   
/DIST, 1 ,1.082226,1
/REP,FAST   
/DIST, 1 ,1.082226,1
/REP,FAST   
/DIST, 1 ,1.082226,1
/REP,FAST   
FLST,2,5,5,ORDE,4   
FITEM,2,1   
FITEM,2,-3  
FITEM,2,5   
FITEM,2,-6  
AGLUE,P51X  
FLST,2,5,5,ORDE,4   
FITEM,2,1   
FITEM,2,-3  
FITEM,2,5   
FITEM,2,-6  
AADD,P51X   
/AUTO, 1
/REP
/DIST, 1 ,0.924021,1
/REP,FAST   
CYL4,11,11,0.25 
ASBA,       4,       1  
WPSTYLE,,,,,,,,0
SAVE
ESIZE,0.25,0,   
SAVE
MSHKEY,0
CM,_Y,AREA  
ASEL, , , ,       2 
CM,_Y1,AREA 
CHKMSH,'AREA'   
CMSEL,S,_Y  
!*  
AMESH,_Y1   
!*  
CMDELE,_Y   
CMDELE,_Y1  
CMDELE,_Y2  
!*  
FINISH  
/SOL
/DIST, 1 ,0.924021,1
/REP,FAST   
FLST,2,3,3,ORDE,3   
FITEM,2,1   
FITEM,2,4   
FITEM,2,13  
/DIST, 1 ,1.082226,1
/REP,FAST   
!*  
/GO 
DK,P51X, ,0, ,1,ALL, , , , , ,  
FLST,2,2,4,ORDE,2   
FITEM,2,3   
FITEM,2,13  
/GO 
!*  
SFL,P51X,PRES,10,   
/STATUS,SOLU
SOLVE   
FINISH  
/POST1  
PLDISP,1
!*  
/EFACET,1   
PLNSOL, S,EQV, 0,1.0
/DIST, 1 ,1.371742,1
/REP,FAST   
/FOC, 1 ,,0.300000,,1   
/REP,FAST   
/FOC, 1 ,,-0.300000,,1  
/REP,FAST   
/DIST, 1 ,1.371742,1
/REP,FAST   
/DIST, 1 ,0.729000,1
/REP,FAST   
wpstyle,0.25,1,0,12,0.003,0,0,,5
/FOC, 1 ,,0.300000,,1   
/REP,FAST   
/FOC, 1 ,,-0.300000,,1  
/REP,FAST   
wpstyle,0.25,1,0,12,0.003,0,0,,5
!*  
/EFACET,1   
PLNSOL, S,1, 0,1.0  
!*  
/EFACET,1   
PLNSOL, S,EQV, 0,1.0
SAVE
FINISH  
! /EXIT,ALL 
/BATCH  
/COM,ANSYS RELEASE 2020 R2           BUILD 20.2      UP20200601       23:14:35
/input,menust,tmp,''
/GRA,POWER
/GST,ON
/PLO,INFO,3
/GRO,CURL,ON
/CPLANE,1   
/REPLOT,RESIZE  
WPSTYLE,,,,,,,,0
RESUME  
/COM,ANSYS RELEASE 2020 R2           BUILD 20.2      UP20200601       23:14:42
/UDOC,1,DATE,0  
/UDOC,1,TYPE,LEFT   
/UDOC,1,DATE,OFF
/UDOC,1,TYP2,LEFT   
/UDOC,1,INUM,LEFT   
/UDOC,1,BCDC,LEFT   
/UDOC,1,SURF,LEFT   
/UDOC,1,BODY,LEFT   
/UDOC,1,VECT,LEFT   
/UDOC,1,GWIN,LEFT   
/UDOC,1,VIEW,OFF
/UDOC,1,PSTA,OFF
/UDOC,1,MISC,OFF
FINISH  
! /EXIT,ALL 
/BATCH  
/COM,ANSYS RELEASE 2020 R2           BUILD 20.2      UP20200601       23:15:04
/input,menust,tmp,''
/GRA,POWER
/GST,ON
/PLO,INFO,3
/GRO,CURL,ON
/CPLANE,1   
/REPLOT,RESIZE  
WPSTYLE,,,,,,,,0
RESUME  
/COM,ANSYS RELEASE 2020 R2           BUILD 20.2      UP20200601       23:15:08
/POST26 
FILE,'Bracket','rst','.'
/UI,COLL,1  
NUMVAR,200  
SOLU,191,NCMIT  
STORE,MERGE 
FILLDATA,191,,,,1,1 
REALVAR,191,191 
FINISH  
/POST1  
!*  
/EFACET,1   
PLNSOL, S,EQV, 0,1.0
/FOC, 1 ,-0.300000,,,1  
/REP,FAST   
/FOC, 1 ,,-0.300000,,1  
/REP,FAST   
/FOC, 1 ,,0.300000,,1   
/REP,FAST   
!*  
/EFACET,1   
PLNSOL, S,1, 0,1.0  
/UDOC,1,TYPE,LEFT   
/UDOC,1,DATE,LEFT   
/UDOC,1,TYP2,LEFT   
/UDOC,1,INUM,LEFT   
/UDOC,1,BCDC,LEFT   
/UDOC,1,SURF,LEFT   
/UDOC,1,BODY,LEFT   
/UDOC,1,VECT,LEFT   
/UDOC,1,GWIN,LEFT   
/UDOC,1,VIEW,OFF
/UDOC,1,PSTA,OFF
/UDOC,1,MISC,OFF
FINISH  
! /EXIT,ALL 
/BATCH  
/COM,ANSYS RELEASE 2020 R2           BUILD 20.2      UP20200601       20:47:16
/input,menust,tmp,''
/COM,ANSYS RELEASE 2020 R2           BUILD 20.2      UP20200601       20:47:16
/GRA,POWER
/GST,ON
/PLO,INFO,3
/GRO,CURL,ON
/CPLANE,1   
/REPLOT,RESIZE  
WPSTYLE,,,,,,,,0
/POST26 
FILE,'Bracket','rst','.'
/UI,COLL,1  
NUMVAR,200  
SOLU,191,NCMIT  
STORE,MERGE 
FILLDATA,191,,,,1,1 
REALVAR,191,191 
FINISH  
! /EXIT,NOSAV   
/BATCH  
/COM,ANSYS RELEASE 2020 R2           BUILD 20.2      UP20200601       20:48:45
/input,menust,tmp,''
/GRA,POWER
/GST,ON
/PLO,INFO,3
/GRO,CURL,ON
/CPLANE,1   
/REPLOT,RESIZE  
WPSTYLE,,,,,,,,0
/DIST, 1 ,1.082226,1
/REP,FAST   
/DIST, 1 ,1.082226,1
/REP,FAST   
/DIST, 1 ,1.082226,1
/REP,FAST   
/DIST, 1 ,0.924021,1
/REP,FAST   
/DIST, 1 ,0.924021,1
/REP,FAST   
/DIST, 1 ,0.924021,1
/REP,FAST   
/DIST, 1 ,0.924021,1
/REP,FAST   
/DIST, 1 ,1.082226,1
/REP,FAST   
/DIST, 1 ,1.082226,1
/REP,FAST   
/DIST, 1 ,1.082226,1
/REP,FAST   
/DIST, 1 ,1.082226,1
/REP,FAST   
/DIST, 1 ,1.082226,1
/REP,FAST   
/DIST, 1 ,1.082226,1
/REP,FAST   
/DIST, 1 ,1.082226,1
/REP,FAST   
/DIST, 1 ,1.082226,1
/REP,FAST   
/DIST, 1 ,1.082226,1
/REP,FAST   
/DIST, 1 ,1.082226,1
/REP,FAST   
/DIST, 1 ,1.082226,1
/REP,FAST   
/DIST, 1 ,1.082226,1
/REP,FAST   
/DIST, 1 ,1.082226,1
/REP,FAST   
/DIST, 1 ,1.082226,1
/REP,FAST   
/DIST, 1 ,1.082226,1
/REP,FAST   
/DIST, 1 ,1.082226,1
/REP,FAST   
/DIST, 1 ,1.082226,1
/REP,FAST   
/DIST, 1 ,1.082226,1
/REP,FAST   
/DIST, 1 ,1.082226,1
/REP,FAST   
/DIST, 1 ,1.082226,1
/REP,FAST   
/DIST, 1 ,1.082226,1
/REP,FAST   
/DIST, 1 ,1.082226,1
/REP,FAST   
/DIST, 1 ,1.082226,1
/REP,FAST   
/DIST, 1 ,1.082226,1
/REP,FAST   
/DIST, 1 ,1.082226,1
/REP,FAST   
/DIST, 1 ,1.082226,1
/REP,FAST   
/DIST, 1 ,0.924021,1
/REP,FAST   
/DIST, 1 ,0.924021,1
/REP,FAST   
/DIST, 1 ,0.924021,1
/REP,FAST   
/DIST, 1 ,0.924021,1
/REP,FAST   
/DIST, 1 ,0.924021,1
/REP,FAST   
RESUME  
/COM,ANSYS RELEASE 2020 R2           BUILD 20.2      UP20200601       20:48:51
/ZOOM,1,RECT,1.06282,0.577869 ,0.969357395429 ,0.4991803052 
/DIST, 1 ,1.082226,1
/REP,FAST   
/DIST, 1 ,1.082226,1
/REP,FAST   
/DIST, 1 ,1.082226,1
/REP,FAST   
/DIST, 1 ,1.082226,1
/REP,FAST   
/DIST, 1 ,1.082226,1
/REP,FAST   
/DIST, 1 ,1.082226,1
/REP,FAST   
/AUTO,1 
/REP,FAST   
/VIEW,1,1,2,3   
/ANG,1  
/REP,FAST   
/VIEW,1,,,1 
/ANG,1  
/REP,FAST   
/VIEW,1,1,1,1   
/ANG,1  
/REP,FAST   
FINISH  
! /EXIT,NOSAV   
