/BATCH  
/COM,ANSYS RELEASE 2020 R2           BUILD 20.2      UP20200601       06:20:19
/input,menust,tmp,''
/GRA,POWER
/GST,ON
/PLO,INFO,3
/GRO,CURL,ON
/CPLANE,1   
/REPLOT,RESIZE  
WPSTYLE,,,,,,,,0
/TITLE,Truss
/PREP7  
!*  
ET,1,LINK180
!*  
!*  
!*  
!*  
!*  
!*  
!*  
SECTYPE,1,LINK, ,1  
SECDATA,0.001,  
SECCONTROL,0,0  
!*  
!*  
MPTEMP,,,,,,,,  
MPTEMP,1,0  
MPDATA,EX,1,,70E6   
MPDATA,PRXY,1,,0.33 
SAVE
wpstyle,12,12,0,72,0.003,0,0,,5 
WPSTYLE,,,,,,,,1
/DIST, 1 ,1.371742,1
/REP,FAST   
/DIST, 1 ,1.371742,1
/REP,FAST   
/DIST, 1 ,1.371742,1
/REP,FAST   
/DIST, 1 ,1.371742,1
/REP,FAST   
/FOC, 1 ,0.300000,,,1   
/REP,FAST   
/FOC, 1 ,0.300000,,,1   
/REP,FAST   
/FOC, 1 ,,0.300000,,1   
/REP,FAST   
/FOC, 1 ,,0.300000,,1   
/REP,FAST   
/FOC, 1 ,,0.300000,,1   
/REP,FAST   
/FOC, 1 ,0.300000,,,1   
/REP,FAST   
/DIST, 1 ,1.371742,1
/REP,FAST   
/DIST, 1 ,1.371742,1
/REP,FAST   
/DIST, 1 ,1.371742,1
/REP,FAST   
/DIST, 1 ,1.371742,1
/REP,FAST   
/DIST, 1 ,1.371742,1
/REP,FAST   
/DIST, 1 ,1.371742,1
/REP,FAST   
/DIST, 1 ,1.371742,1
/REP,FAST   
/DIST, 1 ,1.371742,1
/REP,FAST   
/DIST, 1 ,1.371742,1
/REP,FAST   
/DIST, 1 ,1.371742,1
/REP,FAST   
/DIST, 1 ,1.371742,1
/REP,FAST   
/DIST, 1 ,1.371742,1
/REP,FAST   
/DIST, 1 ,1.371742,1
/REP,FAST   
/FOC, 1 ,,0.300000,,1   
/REP,FAST   
/FOC, 1 ,0.300000,,,1   
/REP,FAST   
/DIST, 1 ,0.729000,1
/REP,FAST   
/DIST, 1 ,0.729000,1
/REP,FAST   
/DIST, 1 ,0.729000,1
/REP,FAST   
WPSTYLE,,,,,,,,0
/PNUM,KP,0  
/PNUM,LINE,0
/PNUM,AREA,0
/PNUM,VOLU,0
/PNUM,NODE,1
/PNUM,TABN,0
/PNUM,SVAL,0
/PNUM,DOMA,0
/NUMBER,0   
!*  
/PNUM,ELEM,0
/REPLOT 
!*  
NLIST,ALL, , ,XYZ,NODE,NODE,NODE
WPSTYLE,,,,,,,,1
FLST,3,4,8  
FITEM,3,0,0,0   
FITEM,3,36,0,0  
FITEM,3,36,24,0 
FITEM,3,0,24,0  
N, ,P51X
WPSTYLE,,,,,,,,0
NLIST,ALL, , ,XYZ,NODE,NODE,NODE
wpstyle,12,0.5,0,5,0.003,0,0,,5 
WPSTYLE,,,,,,,,1
/DIST, 1 ,0.924021,1
/REP,FAST   
/DIST, 1 ,0.924021,1
/REP,FAST   
/DIST, 1 ,1.082226,1
/REP,FAST   
/DIST, 1 ,1.082226,1
/REP,FAST   
/ZOOM,1,RECT,0.0101012,-0.17459 ,0.162598308875 ,-0.0467213093537   
/DIST, 1 ,1.082226,1
/REP,FAST   
/DIST, 1 ,1.082226,1
/REP,FAST   
/DIST, 1 ,1.082226,1
/REP,FAST   
/DIST, 1 ,1.082226,1
/REP,FAST   
/DIST, 1 ,1.082226,1
/REP,FAST   
/DIST, 1 ,0.729000,1
/REP,FAST   
/DIST, 1 ,1.371742,1
/REP,FAST   
WPSTYLE,,,,,,,,0
WPSTYLE,,,,,,,,1
/DIST, 1 ,1.082226,1
/REP,FAST   
/DIST,1,0.729,1 
/REP,FAST   
/AUTO,1 
/REP,FAST   
NLIST,ALL, , ,XYZ,NODE,NODE,NODE
FLST,2,4,1,ORDE,2   
FITEM,2,1   
FITEM,2,-4  
NDELE,P51X  
NPLOT   
NLIST,ALL, , ,XYZ,NODE,NODE,NODE
/DIST, 1 ,1.371742,1
/REP,FAST   
/DIST, 1 ,1.371742,1
/REP,FAST   
/DIST, 1 ,1.371742,1
/REP,FAST   
/DIST, 1 ,1.371742,1
/REP,FAST   
/DIST, 1 ,1.371742,1
/REP,FAST   
/DIST, 1 ,1.371742,1
/REP,FAST   
/DIST, 1 ,1.371742,1
/REP,FAST   
/DIST, 1 ,1.371742,1
/REP,FAST   
/FOC, 1 ,0.300000,,,1   
/REP,FAST   
/FOC, 1 ,,0.300000,,1   
/REP,FAST   
/DIST, 1 ,0.924021,1
/REP,FAST   
/DIST, 1 ,0.924021,1
/REP,FAST   
/DIST, 1 ,0.924021,1
/REP,FAST   
/DIST, 1 ,0.924021,1
/REP,FAST   
/DIST, 1 ,0.924021,1
/REP,FAST   
/DIST, 1 ,0.924021,1
/REP,FAST   
/DIST, 1 ,0.924021,1
/REP,FAST   
/DIST, 1 ,0.924021,1
/REP,FAST   
/DIST, 1 ,1.082226,1
/REP,FAST   
/DIST, 1 ,1.082226,1
/REP,FAST   
/DIST, 1 ,1.082226,1
/REP,FAST   
/DIST, 1 ,1.082226,1
/REP,FAST   
/DIST, 1 ,1.082226,1
/REP,FAST   
/DIST, 1 ,1.082226,1
/REP,FAST   
/DIST, 1 ,1.082226,1
/REP,FAST   
/DIST, 1 ,1.082226,1
/REP,FAST   
/DIST, 1 ,1.082226,1
/REP,FAST   
/DIST, 1 ,1.082226,1
/REP,FAST   
/DIST, 1 ,1.082226,1
/REP,FAST   
/DIST, 1 ,1.082226,1
/REP,FAST   
/DIST, 1 ,1.082226,1
/REP,FAST   
/DIST, 1 ,1.082226,1
/REP,FAST   
/DIST, 1 ,1.082226,1
/REP,FAST   
/DIST, 1 ,1.082226,1
/REP,FAST   
/DIST, 1 ,1.082226,1
/REP,FAST   
/DIST, 1 ,1.082226,1
/REP,FAST   
/DIST, 1 ,1.082226,1
/REP,FAST   
/DIST, 1 ,1.082226,1
/REP,FAST   
/DIST, 1 ,1.082226,1
/REP,FAST   
/DIST, 1 ,1.082226,1
/REP,FAST   
/DIST, 1 ,1.082226,1
/REP,FAST   
/DIST, 1 ,1.082226,1
/REP,FAST   
/DIST, 1 ,1.082226,1
/REP,FAST   
/DIST, 1 ,1.082226,1
/REP,FAST   
/DIST, 1 ,1.082226,1
/REP,FAST   
/DIST, 1 ,0.924021,1
/REP,FAST   
/DIST, 1 ,0.924021,1
/REP,FAST   
/DIST, 1 ,0.924021,1
/REP,FAST   
/DIST, 1 ,0.924021,1
/REP,FAST   
/DIST, 1 ,0.924021,1
/REP,FAST   
/DIST, 1 ,0.924021,1
/REP,FAST   
/DIST, 1 ,0.924021,1
/REP,FAST   
/DIST, 1 ,0.924021,1
/REP,FAST   
/DIST, 1 ,0.924021,1
/REP,FAST   
/DIST, 1 ,0.924021,1
/REP,FAST   
/DIST, 1 ,0.924021,1
/REP,FAST   
/DIST, 1 ,0.924021,1
/REP,FAST   
/DIST, 1 ,0.924021,1
/REP,FAST   
/DIST, 1 ,0.924021,1
/REP,FAST   
/DIST, 1 ,0.924021,1
/REP,FAST   
/DIST, 1 ,0.924021,1
/REP,FAST   
/DIST, 1 ,0.924021,1
/REP,FAST   
/DIST, 1 ,0.924021,1
/REP,FAST   
/DIST, 1 ,0.924021,1
/REP,FAST   
/DIST, 1 ,0.924021,1
/REP,FAST   
/DIST, 1 ,0.924021,1
/REP,FAST   
/DIST, 1 ,0.924021,1
/REP,FAST   
/DIST, 1 ,0.924021,1
/REP,FAST   
/DIST, 1 ,0.924021,1
/REP,FAST   
/DIST, 1 ,0.924021,1
/REP,FAST   
/DIST, 1 ,0.924021,1
/REP,FAST   
/DIST, 1 ,0.924021,1
/REP,FAST   
/DIST, 1 ,0.924021,1
/REP,FAST   
/DIST, 1 ,0.924021,1
/REP,FAST   
/DIST, 1 ,0.924021,1
/REP,FAST   
FLST,3,4,8  
FITEM,3,0,0,0   
FITEM,3,0,0,0   
FITEM,3,0,0,0   
FITEM,3,0,0,0   
N, ,P51X
NLIST,ALL, , ,XYZ,NODE,NODE,NODE
FINISH  
! /EXIT,NOSAV   
/BATCH  
/COM,ANSYS RELEASE 2020 R2           BUILD 20.2      UP20200601       06:31:18
/input,menust,tmp,''
/COM,ANSYS RELEASE 2020 R2           BUILD 20.2      UP20200601       06:31:18
/GRA,POWER
/GST,ON
/PLO,INFO,3
/GRO,CURL,ON
/CPLANE,1   
/REPLOT,RESIZE  
WPSTYLE,,,,,,,,0
wpstyle,0.05,0.5,0,2,0.003,0,0,,5   
WPSTYLE,,,,,,,,1
/DIST, 1 ,1.371742,1
/REP,FAST   
/DIST, 1 ,1.371742,1
/REP,FAST   
/DIST, 1 ,1.371742,1
/REP,FAST   
/DIST, 1 ,1.371742,1
/REP,FAST   
/DIST, 1 ,1.371742,1
/REP,FAST   
/FOC, 1 ,0.300000,,,1   
/REP,FAST   
/FOC, 1 ,0.300000,,,1   
/REP,FAST   
/FOC, 1 ,,0.300000,,1   
/REP,FAST   
/PREP7  
wpstyle,0.5,0.5,0,2,0.003,0,0,,5
FLST,3,4,8  
FITEM,3,0,0,0   
FITEM,3,1.5,0,0 
FITEM,3,0,1,0   
FITEM,3,1.5,1,0 
N, ,P51X
/PNUM,KP,0  
/PNUM,LINE,0
/PNUM,AREA,0
/PNUM,VOLU,0
/PNUM,NODE,1
/PNUM,TABN,0
/PNUM,SVAL,0
/PNUM,DOMA,0
/NUMBER,0   
!*  
/PNUM,ELEM,0
/REPLOT 
!*  
NLIST,ALL, , ,XYZ,NODE,NODE,NODE
SAVE
FLST,2,2,1  
FITEM,2,1   
FITEM,2,2   
E,P51X  
/DIST, 1 ,0.924021,1
/REP,FAST   
FLST,2,2,1  
FITEM,2,2   
FITEM,2,3   
E,P51X  
/DIST, 1 ,1.082226,1
/REP,FAST   
/DIST, 1 ,1.082226,1
/REP,FAST   
/DIST, 1 ,0.924021,1
/REP,FAST   
/DIST, 1 ,0.924021,1
/REP,FAST   
/DIST, 1 ,0.924021,1
/REP,FAST   
/DIST, 1 ,1.082226,1
/REP,FAST   
FLST,2,2,1  
FITEM,2,1   
FITEM,2,2   
E,P51X  
FLST,2,2,1  
FITEM,2,2   
FITEM,2,3   
E,P51X  
FLST,2,2,1  
FITEM,2,3   
FITEM,2,4   
E,P51X  
FLST,2,2,1  
FITEM,2,4   
FITEM,2,2   
E,P51X  
WPSTYLE,,,,,,,,0
/DIST, 1 ,0.924021,1
/REP,FAST   
/DIST, 1 ,0.924021,1
/REP,FAST   
/DIST, 1 ,1.082226,1
/REP,FAST   
/DIST, 1 ,1.082226,1
/REP,FAST   
SAVE
FINISH  
/SOL
FLST,2,1,1,ORDE,1   
FITEM,2,4   
/DIST, 1 ,1.082226,1
/REP,FAST   
FLST,2,2,1,ORDE,2   
FITEM,2,1   
FITEM,2,3   
!*  
/GO 
D,P51X, ,0, , , ,ALL, , , , ,   
FLST,2,1,1,ORDE,1   
FITEM,2,4   
!*  
/GO 
F,P51X,FY,-10000
SAVE
/STATUS,SOLU
SOLVE   
FINISH  
/POST1  
PLDISP,1
/DIST, 1 ,0.924021,1
/REP,FAST   
/DIST, 1 ,0.924021,1
/REP,FAST   
/DIST, 1 ,0.924021,1
/REP,FAST   
/DIST, 1 ,0.924021,1
/REP,FAST   
/FOC, 1 ,-0.300000,,,1  
/REP,FAST   
/FOC, 1 ,-0.300000,,,1  
/REP,FAST   
/FOC, 1 ,0.300000,,,1   
/REP,FAST   
/DIST, 1 ,0.729000,1
/REP,FAST   
/DIST, 1 ,0.729000,1
/REP,FAST   
/FOC, 1 ,,-0.300000,,1  
/REP,FAST   
!*  
!*  
PRNSOL,U,COMP   
AVPRIN,0,0, 
ETABLE,AXforce,SMISC,   
!*  
AVPRIN,0,0, 
ETABLE, ,SMISC, 
!*  
AVPRIN,0,0, 
ETABLE,AXforce,SMISC, 1 
!*  
AVPRIN,0,0, 
ETABLE,AXstress,LS, 1   
!*  
PLETAB,AXFORCE,NOAV 
PRETAB, 
!*  
PRRSOL, 
FINISH  
! /EXIT,ALL 
/BATCH  
/COM,ANSYS RELEASE 2020 R2           BUILD 20.2      UP20200601       06:48:53
/input,menust,tmp,''
/GRA,POWER
/GST,ON
/PLO,INFO,3
/GRO,CURL,ON
/CPLANE,1   
/REPLOT,RESIZE  
WPSTYLE,,,,,,,,0
RESUME  
/COM,ANSYS RELEASE 2020 R2           BUILD 20.2      UP20200601       06:48:58
/POST1  
PLDISP,1
PLDISP,1
PRETAB,AXSTRESS 
!*  
!*  
PRNSOL,S,PRIN   
!*  
PRESOL,S,PRIN   
!*  
PRESOL,EPEL,PRIN
!*  
PRNSOL,U,COMP   
FINISH  
! /EXIT,NOSAV   

/BATCH  
/COM,ANSYS RELEASE 2020 R2           BUILD 20.2      UP20200601       06:58:01
/input,menust,tmp,''
/GRA,POWER
/GST,ON
/PLO,INFO,3
/GRO,CURL,ON
/CPLANE,1   
/REPLOT,RESIZE  
WPSTYLE,,,,,,,,0
RESUME  
/COM,ANSYS RELEASE 2020 R2           BUILD 20.2      UP20200601       06:58:12
RESUME  
/COM,ANSYS RELEASE 2020 R2           BUILD 20.2      UP20200601       06:58:59
FINISH  
! /EXIT,NOSAV   
/BATCH  
/COM,ANSYS RELEASE 2020 R2           BUILD 20.2      UP20200601       06:59:14
/input,menust,tmp,''
/COM,ANSYS RELEASE 2020 R2           BUILD 20.2      UP20200601       06:59:14
/GRA,POWER
/GST,ON
/PLO,INFO,3
/GRO,CURL,ON
/DIST, 1 ,0.924021,1
/REP,FAST   
/CPLANE,1   
/REPLOT,RESIZE  
WPSTYLE,,,,,,,,0
RESUME  
/COM,ANSYS RELEASE 2020 R2           BUILD 20.2      UP20200601       06:59:23
FINISH  
! /EXIT,NOSAV   
/BATCH  
/COM,ANSYS RELEASE 2020 R2           BUILD 20.2      UP20200601       06:59:32
/input,menust,tmp,''
/GRA,POWER
/GST,ON
/PLO,INFO,3
/GRO,CURL,ON
/CPLANE,1   
/REPLOT,RESIZE  
WPSTYLE,,,,,,,,0
/TITLE,Truss2   
/PREP7  
!*  
ET,1,LINK180
!*  
!*  
!*  
SECTYPE,1,LINK, ,1  
SECDATA,0.001,  
SECCONTROL,0,0  
!*  
!*  
!*  
SECTYPE,1,LINK, ,1  
SECDATA,0.001,  
SECCONTROL,0,0  
!*  
!*  
MPTEMP,,,,,,,,  
MPTEMP,1,0  
MPDATA,EX,1,,200e9  
MPDATA,PRXY,1,,0.3  
SAVE
wpstyle,0.25,0.25,0,3,0.003,0,0,,5  
WPSTYLE,,,,,,,,1
/DIST, 1 ,1.371742,1
/REP,FAST   
/DIST, 1 ,1.371742,1
/REP,FAST   
/DIST, 1 ,1.371742,1
/REP,FAST   
/DIST, 1 ,1.371742,1
/REP,FAST   
/DIST, 1 ,1.371742,1
/REP,FAST   
/AUTO, 1
/REP
/AUTO, 1
/REP
/DIST, 1 ,1.371742,1
/REP,FAST   
/DIST, 1 ,1.371742,1
/REP,FAST   
/DIST, 1 ,1.371742,1
/REP,FAST   
/DIST, 1 ,1.371742,1
/REP,FAST   
/DIST, 1 ,1.371742,1
/REP,FAST   
/DIST, 1 ,1.371742,1
/REP,FAST   
/DIST, 1 ,1.371742,1
/REP,FAST   
/FOC, 1 ,0.300000,,,1   
/REP,FAST   
/FOC, 1 ,,0.300000,,1   
/REP,FAST   
/FOC, 1 ,,0.300000,,1   
/REP,FAST   
/DIST, 1 ,0.729000,1
/REP,FAST   
/DIST, 1 ,0.729000,1
/REP,FAST   
/FOC, 1 ,,-0.300000,,1  
/REP,FAST   
/FOC, 1 ,,-0.300000,,1  
/REP,FAST   
/DIST, 1 ,0.729000,1
/REP,FAST   
/DIST, 1 ,0.729000,1
/REP,FAST   
/DIST, 1 ,1.371742,1
/REP,FAST   
FLST,3,4,8  
FITEM,3,0,1.25,0
FITEM,3,1,1.25,0
FITEM,3,2,1.25,0
FITEM,3,1,0,0   
N, ,P51X
WPSTYLE,,,,,,,,0
NPLOT   
/PNUM,KP,0  
/PNUM,LINE,0
/PNUM,AREA,0
/PNUM,VOLU,0
/PNUM,NODE,1
/PNUM,TABN,0
/PNUM,SVAL,0
/PNUM,DOMA,0
/NUMBER,0   
!*  
/PNUM,ELEM,0
/REPLOT 
!*  
NLIST,ALL, , ,XYZ,NODE,NODE,NODE
/DIST, 1 ,0.924021,1
/REP,FAST   
FLST,2,2,1  
FITEM,2,1   
FITEM,2,2   
E,P51X  
FLST,2,2,1  
FITEM,2,2   
FITEM,2,3   
E,P51X  
FLST,2,2,1  
FITEM,2,3   
FITEM,2,4   
E,P51X  
FLST,2,2,1  
FITEM,2,4   
FITEM,2,1   
E,P51X  
/DIST, 1 ,1.082226,1
/REP,FAST   
/DIST, 1 ,0.924021,1
/REP,FAST   
FLST,2,2,1  
FITEM,2,4   
FITEM,2,2   
E,P51X  
/DIST, 1 ,1.082226,1
/REP,FAST   
FINISH  
/SOL
FLST,2,2,1,ORDE,2   
FITEM,2,1   
FITEM,2,3   
!*  
/GO 
D,P51X, ,0, , , ,ALL, , , , ,   
FLST,2,2,1,ORDE,2   
FITEM,2,2   
FITEM,2,4   
!*  
/GO 
F,P51X,FX,-3860 
FLST,2,2,1,ORDE,2   
FITEM,2,2   
FITEM,2,4   
!*  
/GO 
F,P51X,FY,-1040 
SAVE
/STATUS,SOLU
SOLVE   
FINISH  
/POST1  
PLDISP,1
!*  
PRNSOL,U,COMP   
AVPRIN,0,0, 
ETABLE,AXfore,SMISC, 1  
!*  
AVPRIN,0,0, 
ETABLE,AXstress,LS, 1   
!*  
PRETAB, 
!*  
PRRSOL, 
PRETAB,AXSTRESS 
!*  
PRRSOL, 
FINISH  
! /EXIT,ALL 
/BATCH  
/COM,ANSYS RELEASE 2020 R2           BUILD 20.2      UP20200601       22:17:59
/input,menust,tmp,''
/GRA,POWER
/GST,ON
/PLO,INFO,3
/GRO,CURL,ON
/CPLANE,1   
/REPLOT,RESIZE  
WPSTYLE,,,,,,,,0
RESUME  
/COM,ANSYS RELEASE 2020 R2           BUILD 20.2      UP20200601       22:18:10
/PREP7  
FINISH  
/SOL
vlist, all  
NLIST,ALL, , ,XYZ,NODE,NODE,NODE
FLST,2,2,1,ORDE,2   
FITEM,2,1   
FITEM,2,3   
!*  
/GO 
D,P51X, ,0, , , ,ALL, , , , ,   
FLST,2,2,1,ORDE,2   
FITEM,2,2   
FITEM,2,4   
!*  
/GO 
F,P51X,FX,-3.8637   
FLST,2,2,1,ORDE,2   
FITEM,2,2   
FITEM,2,4   
!*  
/GO 
F,P51X,FX,-1.0353   
LSCLEAR,ALL 
FLST,2,2,1,ORDE,2   
FITEM,2,1   
FITEM,2,3   
/DIST, 1 ,0.924021,1
/REP,FAST   
LSCLEAR,ALL 
FLST,2,2,1,ORDE,2   
FITEM,2,1   
FITEM,2,3   
/DIST, 1 ,0.924021,1
/REP,FAST   
DDELE,P51X,ALL  
/DIST, 1 ,0.924021,1
/REP,FAST   
FLST,2,2,1,ORDE,2   
FITEM,2,1   
FITEM,2,3   
!*  
/GO 
D,P51X, ,0, , , ,ALL, , , , ,   
FLST,2,2,1,ORDE,2   
FITEM,2,2   
FITEM,2,4   
!*  
/GO 
F,P51X,FY,-1.0353   
/DIST, 1 ,0.924021,1
/REP,FAST   
FLST,2,2,1,ORDE,2   
FITEM,2,2   
FITEM,2,4   
/DIST, 1 ,1.082226,1
/REP,FAST   
!*  
/GO 
F,P51X,FX,-3.8637   
/STATUS,SOLU
SOLVE   
FINISH  
/POST1  
PLDISP,1
PLDISP,1
!*  
PRNSOL,U,COMP   
PRRSOL, 
PRETAB,AXFORE,AXSTRESS  
!*  
SAVE
FINISH  
! /EXIT,NOSAV   
