/BATCH  
/COM,ANSYS RELEASE 2020 R2           BUILD 20.2      UP20200601       06:20:19
/input,menust,tmp,''
/GRA,POWER
/GST,ON
/PLO,INFO,3
/GRO,CURL,ON
/CPLANE,1   
/REPLOT,RESIZE  
WPSTYLE,,,,,,,,0
/TITLE,Truss
/PREP7  
!*  
ET,1,LINK180
!*  
!*  
!*  
!*  
!*  
!*  
!*  
SECTYPE,1,LINK, ,1  
SECDATA,0.001,  
SECCONTROL,0,0  
!*  
!*  
MPTEMP,,,,,,,,  
MPTEMP,1,0  
MPDATA,EX,1,,70E6   
MPDATA,PRXY,1,,0.33 
SAVE
wpstyle,12,12,0,72,0.003,0,0,,5 
WPSTYLE,,,,,,,,1
/DIST, 1 ,1.371742,1
/REP,FAST   
/DIST, 1 ,1.371742,1
/REP,FAST   
/DIST, 1 ,1.371742,1
/REP,FAST   
/DIST, 1 ,1.371742,1
/REP,FAST   
/FOC, 1 ,0.300000,,,1   
/REP,FAST   
/FOC, 1 ,0.300000,,,1   
/REP,FAST   
/FOC, 1 ,,0.300000,,1   
/REP,FAST   
/FOC, 1 ,,0.300000,,1   
/REP,FAST   
/FOC, 1 ,,0.300000,,1   
/REP,FAST   
/FOC, 1 ,0.300000,,,1   
/REP,FAST   
/DIST, 1 ,1.371742,1
/REP,FAST   
/DIST, 1 ,1.371742,1
/REP,FAST   
/DIST, 1 ,1.371742,1
/REP,FAST   
/DIST, 1 ,1.371742,1
/REP,FAST   
/DIST, 1 ,1.371742,1
/REP,FAST   
/DIST, 1 ,1.371742,1
/REP,FAST   
/DIST, 1 ,1.371742,1
/REP,FAST   
/DIST, 1 ,1.371742,1
/REP,FAST   
/DIST, 1 ,1.371742,1
/REP,FAST   
/DIST, 1 ,1.371742,1
/REP,FAST   
/DIST, 1 ,1.371742,1
/REP,FAST   
/DIST, 1 ,1.371742,1
/REP,FAST   
/DIST, 1 ,1.371742,1
/REP,FAST   
/FOC, 1 ,,0.300000,,1   
/REP,FAST   
/FOC, 1 ,0.300000,,,1   
/REP,FAST   
/DIST, 1 ,0.729000,1
/REP,FAST   
/DIST, 1 ,0.729000,1
/REP,FAST   
/DIST, 1 ,0.729000,1
/REP,FAST   
WPSTYLE,,,,,,,,0
/PNUM,KP,0  
/PNUM,LINE,0
/PNUM,AREA,0
/PNUM,VOLU,0
/PNUM,NODE,1
/PNUM,TABN,0
/PNUM,SVAL,0
/PNUM,DOMA,0
/NUMBER,0   
!*  
/PNUM,ELEM,0
/REPLOT 
!*  
NLIST,ALL, , ,XYZ,NODE,NODE,NODE
WPSTYLE,,,,,,,,1
FLST,3,4,8  
FITEM,3,0,0,0   
FITEM,3,36,0,0  
FITEM,3,36,24,0 
FITEM,3,0,24,0  
N, ,P51X
WPSTYLE,,,,,,,,0
NLIST,ALL, , ,XYZ,NODE,NODE,NODE
wpstyle,12,0.5,0,5,0.003,0,0,,5 
WPSTYLE,,,,,,,,1
/DIST, 1 ,0.924021,1
/REP,FAST   
/DIST, 1 ,0.924021,1
/REP,FAST   
/DIST, 1 ,1.082226,1
/REP,FAST   
/DIST, 1 ,1.082226,1
/REP,FAST   
/ZOOM,1,RECT,0.0101012,-0.17459 ,0.162598308875 ,-0.0467213093537   
/DIST, 1 ,1.082226,1
/REP,FAST   
/DIST, 1 ,1.082226,1
/REP,FAST   
/DIST, 1 ,1.082226,1
/REP,FAST   
/DIST, 1 ,1.082226,1
/REP,FAST   
/DIST, 1 ,1.082226,1
/REP,FAST   
/DIST, 1 ,0.729000,1
/REP,FAST   
/DIST, 1 ,1.371742,1
/REP,FAST   
WPSTYLE,,,,,,,,0
WPSTYLE,,,,,,,,1
/DIST, 1 ,1.082226,1
/REP,FAST   
/DIST,1,0.729,1 
/REP,FAST   
/AUTO,1 
/REP,FAST   
NLIST,ALL, , ,XYZ,NODE,NODE,NODE
FLST,2,4,1,ORDE,2   
FITEM,2,1   
FITEM,2,-4  
NDELE,P51X  
NPLOT   
NLIST,ALL, , ,XYZ,NODE,NODE,NODE
/DIST, 1 ,1.371742,1
/REP,FAST   
/DIST, 1 ,1.371742,1
/REP,FAST   
/DIST, 1 ,1.371742,1
/REP,FAST   
/DIST, 1 ,1.371742,1
/REP,FAST   
/DIST, 1 ,1.371742,1
/REP,FAST   
/DIST, 1 ,1.371742,1
/REP,FAST   
/DIST, 1 ,1.371742,1
/REP,FAST   
/DIST, 1 ,1.371742,1
/REP,FAST   
/FOC, 1 ,0.300000,,,1   
/REP,FAST   
/FOC, 1 ,,0.300000,,1   
/REP,FAST   
/DIST, 1 ,0.924021,1
/REP,FAST   
/DIST, 1 ,0.924021,1
/REP,FAST   
/DIST, 1 ,0.924021,1
/REP,FAST   
/DIST, 1 ,0.924021,1
/REP,FAST   
/DIST, 1 ,0.924021,1
/REP,FAST   
/DIST, 1 ,0.924021,1
/REP,FAST   
/DIST, 1 ,0.924021,1
/REP,FAST   
/DIST, 1 ,0.924021,1
/REP,FAST   
/DIST, 1 ,1.082226,1
/REP,FAST   
/DIST, 1 ,1.082226,1
/REP,FAST   
/DIST, 1 ,1.082226,1
/REP,FAST   
/DIST, 1 ,1.082226,1
/REP,FAST   
/DIST, 1 ,1.082226,1
/REP,FAST   
/DIST, 1 ,1.082226,1
/REP,FAST   
/DIST, 1 ,1.082226,1
/REP,FAST   
/DIST, 1 ,1.082226,1
/REP,FAST   
/DIST, 1 ,1.082226,1
/REP,FAST   
/DIST, 1 ,1.082226,1
/REP,FAST   
/DIST, 1 ,1.082226,1
/REP,FAST   
/DIST, 1 ,1.082226,1
/REP,FAST   
/DIST, 1 ,1.082226,1
/REP,FAST   
/DIST, 1 ,1.082226,1
/REP,FAST   
/DIST, 1 ,1.082226,1
/REP,FAST   
/DIST, 1 ,1.082226,1
/REP,FAST   
/DIST, 1 ,1.082226,1
/REP,FAST   
/DIST, 1 ,1.082226,1
/REP,FAST   
/DIST, 1 ,1.082226,1
/REP,FAST   
/DIST, 1 ,1.082226,1
/REP,FAST   
/DIST, 1 ,1.082226,1
/REP,FAST   
/DIST, 1 ,1.082226,1
/REP,FAST   
/DIST, 1 ,1.082226,1
/REP,FAST   
/DIST, 1 ,1.082226,1
/REP,FAST   
/DIST, 1 ,1.082226,1
/REP,FAST   
/DIST, 1 ,1.082226,1
/REP,FAST   
/DIST, 1 ,1.082226,1
/REP,FAST   
/DIST, 1 ,0.924021,1
/REP,FAST   
/DIST, 1 ,0.924021,1
/REP,FAST   
/DIST, 1 ,0.924021,1
/REP,FAST   
/DIST, 1 ,0.924021,1
/REP,FAST   
/DIST, 1 ,0.924021,1
/REP,FAST   
/DIST, 1 ,0.924021,1
/REP,FAST   
/DIST, 1 ,0.924021,1
/REP,FAST   
/DIST, 1 ,0.924021,1
/REP,FAST   
/DIST, 1 ,0.924021,1
/REP,FAST   
/DIST, 1 ,0.924021,1
/REP,FAST   
/DIST, 1 ,0.924021,1
/REP,FAST   
/DIST, 1 ,0.924021,1
/REP,FAST   
/DIST, 1 ,0.924021,1
/REP,FAST   
/DIST, 1 ,0.924021,1
/REP,FAST   
/DIST, 1 ,0.924021,1
/REP,FAST   
/DIST, 1 ,0.924021,1
/REP,FAST   
/DIST, 1 ,0.924021,1
/REP,FAST   
/DIST, 1 ,0.924021,1
/REP,FAST   
/DIST, 1 ,0.924021,1
/REP,FAST   
/DIST, 1 ,0.924021,1
/REP,FAST   
/DIST, 1 ,0.924021,1
/REP,FAST   
/DIST, 1 ,0.924021,1
/REP,FAST   
/DIST, 1 ,0.924021,1
/REP,FAST   
/DIST, 1 ,0.924021,1
/REP,FAST   
/DIST, 1 ,0.924021,1
/REP,FAST   
/DIST, 1 ,0.924021,1
/REP,FAST   
/DIST, 1 ,0.924021,1
/REP,FAST   
/DIST, 1 ,0.924021,1
/REP,FAST   
/DIST, 1 ,0.924021,1
/REP,FAST   
/DIST, 1 ,0.924021,1
/REP,FAST   
FLST,3,4,8  
FITEM,3,0,0,0   
FITEM,3,0,0,0   
FITEM,3,0,0,0   
FITEM,3,0,0,0   
N, ,P51X
NLIST,ALL, , ,XYZ,NODE,NODE,NODE
FINISH  
! /EXIT,NOSAV   
/BATCH  
/COM,ANSYS RELEASE 2020 R2           BUILD 20.2      UP20200601       06:31:18
/input,menust,tmp,''
/COM,ANSYS RELEASE 2020 R2           BUILD 20.2      UP20200601       06:31:18
/GRA,POWER
/GST,ON
/PLO,INFO,3
/GRO,CURL,ON
/CPLANE,1   
/REPLOT,RESIZE  
WPSTYLE,,,,,,,,0
wpstyle,0.05,0.5,0,2,0.003,0,0,,5   
WPSTYLE,,,,,,,,1
/DIST, 1 ,1.371742,1
/REP,FAST   
/DIST, 1 ,1.371742,1
/REP,FAST   
/DIST, 1 ,1.371742,1
/REP,FAST   
/DIST, 1 ,1.371742,1
/REP,FAST   
/DIST, 1 ,1.371742,1
/REP,FAST   
/FOC, 1 ,0.300000,,,1   
/REP,FAST   
/FOC, 1 ,0.300000,,,1   
/REP,FAST   
/FOC, 1 ,,0.300000,,1   
/REP,FAST   
/PREP7  
wpstyle,0.5,0.5,0,2,0.003,0,0,,5
FLST,3,4,8  
FITEM,3,0,0,0   
FITEM,3,1.5,0,0 
FITEM,3,0,1,0   
FITEM,3,1.5,1,0 
N, ,P51X
/PNUM,KP,0  
/PNUM,LINE,0
/PNUM,AREA,0
/PNUM,VOLU,0
/PNUM,NODE,1
/PNUM,TABN,0
/PNUM,SVAL,0
/PNUM,DOMA,0
/NUMBER,0   
!*  
/PNUM,ELEM,0
/REPLOT 
!*  
NLIST,ALL, , ,XYZ,NODE,NODE,NODE
SAVE
FLST,2,2,1  
FITEM,2,1   
FITEM,2,2   
E,P51X  
/DIST, 1 ,0.924021,1
/REP,FAST   
FLST,2,2,1  
FITEM,2,2   
FITEM,2,3   
E,P51X  
/DIST, 1 ,1.082226,1
/REP,FAST   
/DIST, 1 ,1.082226,1
/REP,FAST   
/DIST, 1 ,0.924021,1
/REP,FAST   
/DIST, 1 ,0.924021,1
/REP,FAST   
/DIST, 1 ,0.924021,1
/REP,FAST   
/DIST, 1 ,1.082226,1
/REP,FAST   
FLST,2,2,1  
FITEM,2,1   
FITEM,2,2   
E,P51X  
FLST,2,2,1  
FITEM,2,2   
FITEM,2,3   
E,P51X  
FLST,2,2,1  
FITEM,2,3   
FITEM,2,4   
E,P51X  
FLST,2,2,1  
FITEM,2,4   
FITEM,2,2   
E,P51X  
WPSTYLE,,,,,,,,0
/DIST, 1 ,0.924021,1
/REP,FAST   
/DIST, 1 ,0.924021,1
/REP,FAST   
/DIST, 1 ,1.082226,1
/REP,FAST   
/DIST, 1 ,1.082226,1
/REP,FAST   
SAVE
FINISH  
/SOL
FLST,2,1,1,ORDE,1   
FITEM,2,4   
/DIST, 1 ,1.082226,1
/REP,FAST   
FLST,2,2,1,ORDE,2   
FITEM,2,1   
FITEM,2,3   
!*  
/GO 
D,P51X, ,0, , , ,ALL, , , , ,   
FLST,2,1,1,ORDE,1   
FITEM,2,4   
!*  
/GO 
F,P51X,FY,-10000
SAVE
/STATUS,SOLU
SOLVE   
FINISH  
/POST1  
PLDISP,1
/DIST, 1 ,0.924021,1
/REP,FAST   
/DIST, 1 ,0.924021,1
/REP,FAST   
/DIST, 1 ,0.924021,1
/REP,FAST   
/DIST, 1 ,0.924021,1
/REP,FAST   
/FOC, 1 ,-0.300000,,,1  
/REP,FAST   
/FOC, 1 ,-0.300000,,,1  
/REP,FAST   
/FOC, 1 ,0.300000,,,1   
/REP,FAST   
/DIST, 1 ,0.729000,1
/REP,FAST   
/DIST, 1 ,0.729000,1
/REP,FAST   
/FOC, 1 ,,-0.300000,,1  
/REP,FAST   
!*  
!*  
PRNSOL,U,COMP   
AVPRIN,0,0, 
ETABLE,AXforce,SMISC,   
!*  
AVPRIN,0,0, 
ETABLE, ,SMISC, 
!*  
AVPRIN,0,0, 
ETABLE,AXforce,SMISC, 1 
!*  
AVPRIN,0,0, 
ETABLE,AXstress,LS, 1   
!*  
PLETAB,AXFORCE,NOAV 
PRETAB, 
!*  
PRRSOL, 
FINISH  
! /EXIT,ALL 
/BATCH  
/COM,ANSYS RELEASE 2020 R2           BUILD 20.2      UP20200601       06:48:53
/input,menust,tmp,''
/GRA,POWER
/GST,ON
/PLO,INFO,3
/GRO,CURL,ON
/CPLANE,1   
/REPLOT,RESIZE  
WPSTYLE,,,,,,,,0
RESUME  
/COM,ANSYS RELEASE 2020 R2           BUILD 20.2      UP20200601       06:48:58
/POST1  
PLDISP,1
PLDISP,1
PRETAB,AXSTRESS 
!*  
!*  
PRNSOL,S,PRIN   
!*  
PRESOL,S,PRIN   
!*  
PRESOL,EPEL,PRIN
!*  
PRNSOL,U,COMP   
FINISH  
! /EXIT,NOSAV   
/BATCH  
/COM,ANSYS RELEASE 2020 R2           BUILD 20.2      UP20200601       07:12:50
/input,menust,tmp,''
/GRA,POWER
/GST,ON
/PLO,INFO,3
/GRO,CURL,ON
/CPLANE,1   
/REPLOT,RESIZE  
WPSTYLE,,,,,,,,0
RESUME  
/COM,ANSYS RELEASE 2020 R2           BUILD 20.2      UP20200601       07:12:53
/SOLU   
FINISH  
/PREP7  
!*  
!*  
SECTYPE,1,LINK, ,1  
SECDATA,0.002,  
SECCONTROL,0,0  
!*  
FINISH  
/SOL
/STATUS,SOLU
SOLVE   
FINISH  
/POST1  
!*  
SAVE
!*  
PRNSOL,U,COMP   
PLDISP,1
FINISH  
/PREP7  
!*  
!*  
!*  
MPTEMP,,,,,,,,  
MPTEMP,1,0  
MPDE,EX,1   
MPDE,NUXY,1 
MPDE,PRXY,1 
MPDATA,EX,1,,7E+07  
MPDATA,PRXY,1,,1
FINISH  
/SOL
/STATUS,SOLU
SOLVE   
FINISH  
/PREP7  
!*  
MPTEMP,,,,,,,,  
MPTEMP,1,0  
MPDE,EX,1   
MPDE,NUXY,1 
MPDE,PRXY,1 
MPDATA,EX,1,,7E+07  
MPDATA,PRXY,1,,0
FINISH  
/SOL
/STATUS,SOLU
SOLVE   
FINISH  
/POST1  
PLDISP,1
PLDISP,1
!*  
PRNSOL,U,COMP   
FINISH  
/PREP7  
!*  
MPTEMP,,,,,,,,  
MPTEMP,1,0  
MPDE,EX,1   
MPDE,NUXY,1 
MPDE,PRXY,1 
MPDATA,EX,1,,7E+07  
MPDATA,PRXY,1,,.33  
!*  
!*  
!*  
MPTEMP,,,,,,,,  
MPTEMP,1,0  
MPDE,EX,1   
MPDE,PRXY,1 
MPDATA,EX,1,,70E9   
MPDATA,PRXY,1,,0.33 
NLIST,ALL, , ,XYZ,NODE,NODE,NODE
SAVE
FINISH  
/SOL
/STATUS,SOLU
SOLVE   
FINISH  
/POST1  
PLDISP,1
PLDISP,1
!*  
PRNSOL,U,COMP   
PRETAB, 
!*  
PLETAB,AXSTRESS,NOAV
/DIST, 1 ,1.082226,1
/REP,FAST   
/DIST, 1 ,1.082226,1
/REP,FAST   
/DIST, 1 ,1.082226,1
/REP,FAST   
/DIST, 1 ,0.924021,1
/REP,FAST   
/DIST, 1 ,0.924021,1
/REP,FAST   
/DIST, 1 ,0.924021,1
/REP,FAST   
PRETAB,AXSTRESS 
!*  
/DIST, 1 ,0.924021,1
/REP,FAST   
RESUME  
/COM,ANSYS RELEASE 2020 R2           BUILD 20.2      UP20200601       20:22:31
FINISH  
! /EXIT,MODEL   
/BATCH  
/COM,ANSYS RELEASE 2020 R2           BUILD 20.2      UP20200601       22:33:18
/input,menust,tmp,''
/GRA,POWER
/GST,ON
/PLO,INFO,3
/GRO,CURL,ON
/CPLANE,1   
/REPLOT,RESIZE  
WPSTYLE,,,,,,,,0
RESUME  
/COM,ANSYS RELEASE 2020 R2           BUILD 20.2      UP20200601       22:33:22
/POST1  
FINISH  
/SOL
/DIST, 1 ,0.924021,1
/REP,FAST   
FLST,2,2,1,ORDE,2   
FITEM,2,1   
FITEM,2,3   
/DIST, 1 ,1.082226,1
/REP,FAST   
!*  
/GO 
D,P51X, ,0, , , ,ALL, , , , ,   
/DIST, 1 ,0.924021,1
/REP,FAST   
FLST,2,1,1,ORDE,1   
FITEM,2,4   
/DIST, 1 ,1.082226,1
/REP,FAST   
/DIST, 1 ,0.924021,1
/REP,FAST   
/DIST, 1 ,0.924021,1
/REP,FAST   
/DIST, 1 ,1.082226,1
/REP,FAST   
/DIST, 1 ,1.082226,1
/REP,FAST   
/DIST, 1 ,1.082226,1
/REP,FAST   
/DIST, 1 ,1.082226,1
/REP,FAST   
/DIST, 1 ,0.924021,1
/REP,FAST   
/DIST, 1 ,0.924021,1
/REP,FAST   
/DIST, 1 ,0.924021,1
/REP,FAST   
/DIST, 1 ,0.924021,1
/REP,FAST   
/DIST, 1 ,0.924021,1
/REP,FAST   
/DIST, 1 ,0.924021,1
/REP,FAST   
/DIST, 1 ,0.924021,1
/REP,FAST   
/DIST, 1 ,1.082226,1
/REP,FAST   
/DIST, 1 ,1.082226,1
/REP,FAST   
/DIST, 1 ,1.082226,1
/REP,FAST   
/DIST, 1 ,1.082226,1
/REP,FAST   
/DIST, 1 ,1.082226,1
/REP,FAST   
FLST,2,1,1,ORDE,1   
FITEM,2,4   
FDELE,ALL,ALL   
FLST,2,1,1,ORDE,1   
FITEM,2,4   
!*  
/GO 
F,P51X,FY,-10000
/STATUS,SOLU
SOLVE   
FINISH  
/POST1  
SET,LIST
PLDISP,1
!*  
PRNSOL,U,COMP   
!*  
!*  
!*  
!*  
PRNSOL,U,COMP   
/REPLOT,RESIZE  
/TITLE,Brandon Ho's CAE HW2 Q3.5
SAVE
FINISH  
! /EXIT,NOSAV   
/BATCH  
/COM,ANSYS RELEASE 2020 R2           BUILD 20.2      UP20200601       23:25:31
/input,menust,tmp,''
/GRA,POWER
/GST,ON
/PLO,INFO,3
/GRO,CURL,ON
/CPLANE,1   
/REPLOT,RESIZE  
WPSTYLE,,,,,,,,0
RESUME  
/COM,ANSYS RELEASE 2020 R2           BUILD 20.2      UP20200601       23:25:34
/POST1  
PLDISP,1
PLDISP,1
!*  
PRNSOL,U,COMP   
AVPRIN,0,0, 
ETABLE,axforce,SMISC, 1 
!*  
AVPRIN,0,0, 
ETABLE,axstress,LS, 
!*  
AVPRIN,0,0, 
ETABLE, ,LS,
!*  
AVPRIN,0,0, 
ETABLE,axstress,LS, 1   
!*  
PRETAB,AXFORCE,AXSTRESS 
!*  
PRRSOL, 
FINISH  
! /EXIT,ALL 
