/BATCH  
/COM,ANSYS RELEASE 2020 R2           BUILD 20.2      UP20200601       20:23:01
/input,menust,tmp,''
/GRA,POWER
/GST,ON
/PLO,INFO,3
/GRO,CURL,ON
/CPLANE,1   
/REPLOT,RESIZE  
WPSTYLE,,,,,,,,0
/PREP7  
/TITLE,Truss3D  
!*  
ET,1,LINK180
!*  
!*  
!*  
SECTYPE,1,LINK, ,2  
SECDATA,0.0015, 
SECCONTROL,0,0  
!*  
!*  
MPTEMP,,,,,,,,  
MPTEMP,1,0  
MPDATA,EX,1,,70E9   
MPDATA,PRXY,1,,0.33 
SAVE
N,1,0,-1.5,0,,,,
/DIST, 1 ,0.924021,1
/REP,FAST   
N,1,2,0,0,,,,   
N,2,1.5,0,0,,,, 
N,3,-1.5,0,0,,,,
N,4,0,0,1.50,,,,
/PNUM,KP,0  
/PNUM,LINE,0
/PNUM,AREA,0
/PNUM,VOLU,0
/PNUM,NODE,1
/PNUM,TABN,0
/PNUM,SVAL,0
/PNUM,DOMA,0
/NUMBER,0   
!*  
/PNUM,ELEM,0
/REPLOT 
!*  
NLIST,ALL, , ,XYZ,NODE,NODE,NODE
N,1,0,2,0,,,,   
NPLOT   
NLIST,ALL, , ,XYZ,NODE,NODE,NODE
SAVE
/DIST, 1 ,1.371742,1
/REP,FAST   
/DIST, 1 ,1.371742,1
/REP,FAST   
/DIST, 1 ,1.371742,1
/REP,FAST   
/DIST, 1 ,1.371742,1
/REP,FAST   
/VIEW, 1 ,1,2,3 
/ANG, 1 
/REP,FAST   
/VIEW, 1 ,1,1,1 
/ANG, 1 
/REP,FAST   
/DIST, 1 ,1.082226,1
/REP,FAST   
FLST,2,2,1  
FITEM,2,1   
FITEM,2,2   
E,P51X  
FLST,2,2,1  
FITEM,2,1   
FITEM,2,3   
E,P51X  
FLST,2,2,1  
FITEM,2,1   
FITEM,2,4   
E,P51X  
/DIST, 1 ,1.082226,1
/REP,FAST   
/DIST, 1 ,0.924021,1
/REP,FAST   
/DIST, 1 ,0.924021,1
/REP,FAST   
FINISH  
/SOL
FLST,2,3,1,ORDE,2   
FITEM,2,2   
FITEM,2,-4  
!*  
/GO 
D,P51X, ,0, , , ,ALL, , , , ,   
SAVE
/ANG, 1 ,-30.000000,XS,1
/REP,FAST   
/VIEW, 1 ,1,1,1 
/ANG, 1 
/REP,FAST   
/ANG, 1 ,-30.000000,XS,1
/REP,FAST   
/ANG, 1 ,30.000000,XS,1 
/REP,FAST   
/ANG, 1 ,-30.000000,YS,1
/REP,FAST   
/ANG, 1 ,-30.000000,YS,1
/REP,FAST   
/VIEW, 1 ,1,1,1 
/ANG, 1 
/REP,FAST   
/VIEW, 1 ,1,2,3 
/ANG, 1 
/REP,FAST   
FLST,2,1,1,ORDE,1   
FITEM,2,1   
!*  
/GO 
F,P51X,FZ,-5000 
/STATUS,SOLU
SOLVE   
FINISH  
/POST1  
!*  
PRNSOL,U,COMP   
/ANG, 1 ,30.000000,YS,1 
/REP,FAST   
/ANG, 1 ,30.000000,YS,1 
/REP,FAST   
/ANG, 1 ,30.000000,YS,1 
/REP,FAST   
/ANG, 1 ,30.000000,YS,1 
/REP,FAST   
/ANG, 1 ,30.000000,YS,1 
/REP,FAST   
/ANG, 1 ,30.000000,YS,1 
/REP,FAST   
/ANG, 1 ,30.000000,YS,1 
/REP,FAST   
/ANG, 1 ,30.000000,YS,1 
/REP,FAST   
/ANG, 1 ,30.000000,ZS,1 
/REP,FAST   
/ANG, 1 ,-30.000000,ZS,1
/REP,FAST   
/ANG, 1 ,-30.000000,ZS,1
/REP,FAST   
/ANG, 1 ,-30.000000,ZS,1
/REP,FAST   
/ANG, 1 ,-30.000000,ZS,1
/REP,FAST   
/ANG, 1 ,-30.000000,ZS,1
/REP,FAST   
/ANG, 1 ,-30.000000,ZS,1
/REP,FAST   
/ANG, 1 ,-30.000000,YS,1
/REP,FAST   
/ANG, 1 ,30.000000,YS,1 
/REP,FAST   
/ANG, 1 ,-30.000000,XS,1
/REP,FAST   
/ANG, 1 ,-30.000000,XS,1
/REP,FAST   
/ANG, 1 ,-30.000000,XS,1
/REP,FAST   
/ANG, 1 ,-30.000000,XS,1
/REP,FAST   
/ANG, 1 ,-30.000000,XS,1
/REP,FAST   
/ANG, 1 ,-30.000000,XS,1
/REP,FAST   
/ANG, 1 ,-30.000000,XS,1
/REP,FAST   
/ANG, 1 ,-30.000000,XS,1
/REP,FAST   
/ANG, 1 ,-30.000000,XS,1
/REP,FAST   
/ANG, 1 ,-30.000000,XS,1
/REP,FAST   
/ANG, 1 ,-30.000000,XS,1
/REP,FAST   
/ANG, 1 ,30.000000,XS,1 
/REP,FAST   
/ANG, 1 ,-30.000000,ZS,1
/REP,FAST   
/ANG, 1 ,-30.000000,ZS,1
/REP,FAST   
/VIEW, 1 ,,,1   
/ANG, 1 
/REP,FAST   
/ANG, 1 ,30.000000,XS,1 
/REP,FAST   
/ANG, 1 ,30.000000,XS,1 
/REP,FAST   
/ANG, 1 ,30.000000,XS,1 
/REP,FAST   
/ANG, 1 ,30.000000,XS,1 
/REP,FAST   
/ANG, 1 ,30.000000,XS,1 
/REP,FAST   
/ANG, 1 ,30.000000,XS,1 
/REP,FAST   
/ANG, 1 ,30.000000,YS,1 
/REP,FAST   
/ANG, 1 ,-30.000000,YS,1
/REP,FAST   
/ZOOM,1,RECT,0.81686,0.159836 ,1.0283885481 ,0.287704904967 
/VIEW, 1 ,,,-1  
/ANG, 1 
/REP,FAST   
/VIEW, 1 ,,,1   
/ANG, 1 
/REP,FAST   
/DIST, 1 ,1.371742,1
/REP,FAST   
/DIST, 1 ,1.371742,1
/REP,FAST   
/DIST, 1 ,1.371742,1
/REP,FAST   
/DIST, 1 ,1.371742,1
/REP,FAST   
/DIST, 1 ,1.371742,1
/REP,FAST   
/DIST, 1 ,1.371742,1
/REP,FAST   
/DIST, 1 ,1.371742,1
/REP,FAST   
/DIST, 1 ,1.371742,1
/REP,FAST   
/DIST, 1 ,1.371742,1
/REP,FAST   
/VIEW, 1 ,1,1,1 
/ANG, 1 
/REP,FAST   
/VIEW, 1 ,1,2,3 
/ANG, 1 
/REP,FAST   
FINISH  
/SOL
FINISH  
/PREP7  
/DIST, 1 ,1.082226,1
/REP,FAST   
/DIST, 1 ,0.924021,1
/REP,FAST   
FLST,2,2,1  
FITEM,2,2   
FITEM,2,1   
E,P51X  
/DIST, 1 ,1.082226,1
/REP,FAST   
FLST,2,2,1  
FITEM,2,1   
FITEM,2,3   
E,P51X  
FLST,2,2,1  
FITEM,2,1   
FITEM,2,4   
E,P51X  
FLST,2,2,1  
FITEM,2,1   
FITEM,2,2   
E,P51X  
FINISH  
/SOL
/DIST, 1 ,0.924021,1
/REP,FAST   
FLST,2,3,1,ORDE,2   
FITEM,2,2   
FITEM,2,-4  
!*  
/GO 
D,P51X, ,0, , , ,ALL, , , , ,   
FLST,2,1,1,ORDE,1   
FITEM,2,1   
!*  
/GO 
F,P51X,FZ,-5000 
FINISH  
/PREP7  
N,1,2,0,0,,,,   
N,2,0,1.5,0,,,, 
N,3,0,-1.5,0,,,,
FLST,2,2,1  
FITEM,2,1   
FITEM,2,2   
E,P51X  
FLST,2,2,1  
FITEM,2,1   
FITEM,2,3   
E,P51X  
FLST,2,2,1  
FITEM,2,1   
FITEM,2,4   
E,P51X  
FINISH  
/SOL
FLST,2,3,1,ORDE,2   
FITEM,2,2   
FITEM,2,-4  
!*  
/GO 
D,P51X, ,0, , , ,ALL, , , , ,   
/DIST, 1 ,1.082226,1
/REP,FAST   
/DIST, 1 ,1.082226,1
/REP,FAST   
/DIST, 1 ,1.082226,1
/REP,FAST   
/DIST, 1 ,0.924021,1
/REP,FAST   
/DIST, 1 ,0.924021,1
/REP,FAST   
/DIST, 1 ,0.924021,1
/REP,FAST   
/DIST, 1 ,0.924021,1
/REP,FAST   
/DIST, 1 ,0.924021,1
/REP,FAST   
/DIST, 1 ,0.924021,1
/REP,FAST   
FLST,2,1,1,ORDE,1   
FITEM,2,1   
/DIST, 1 ,1.082226,1
/REP,FAST   
!*  
/GO 
F,P51X,FZ,-5000 
FINISH  
/POST1  
FINISH  
/SOL
/STATUS,SOLU
SOLVE   
FINISH  
/POST1  
!*  
PRNSOL,U,COMP   
SET,LIST,2  
FINISH  
/PREP7  
FINISH  
! /EXIT,NOSAV   
/BATCH  
/COM,ANSYS RELEASE 2020 R2           BUILD 20.2      UP20200601       20:42:46
/input,menust,tmp,''
/GRA,POWER
/GST,ON
/PLO,INFO,3
/GRO,CURL,ON
/CPLANE,1   
/REPLOT,RESIZE  
WPSTYLE,,,,,,,,0
RESUME  
/COM,ANSYS RELEASE 2020 R2           BUILD 20.2      UP20200601       20:42:49
/PREP7  
/DIST, 1 ,1.082226,1
/REP,FAST   
/DIST, 1 ,0.924021,1
/REP,FAST   
/DIST, 1 ,0.924021,1
/REP,FAST   
/DIST, 1 ,0.924021,1
/REP,FAST   
/DIST, 1 ,0.924021,1
/REP,FAST   
/DIST, 1 ,0.924021,1
/REP,FAST   
/DIST, 1 ,0.924021,1
/REP,FAST   
/DIST, 1 ,1.082226,1
/REP,FAST   
/DIST, 1 ,1.082226,1
/REP,FAST   
/DIST, 1 ,1.082226,1
/REP,FAST   
/DIST, 1 ,1.082226,1
/REP,FAST   
/DIST, 1 ,1.082226,1
/REP,FAST   
/DIST, 1 ,0.924021,1
/REP,FAST   
/DIST, 1 ,0.924021,1
/REP,FAST   
/DIST, 1 ,0.924021,1
/REP,FAST   
FINISH  
/SOL
/STATUS,SOLU
SOLVE   
/DIST, 1 ,1.082226,1
/REP,FAST   
/DIST, 1 ,1.082226,1
/REP,FAST   
/DIST, 1 ,0.924021,1
/REP,FAST   
/DIST, 1 ,0.924021,1
/REP,FAST   
FINISH  
/PREP7  
N,1,2,0,0,,,,   
N,2,0,1.50,0,,,,
N,3,0,-1.5,0,,,,
N,3,0,-1.5,0,,,,
/DIST, 1 ,0.924021,1
/REP,FAST   
FLST,2,2,1  
FITEM,2,1   
FITEM,2,2   
E,P51X  
/DIST, 1 ,1.082226,1
/REP,FAST   
/DIST, 1 ,0.924021,1
/REP,FAST   
FLST,2,2,1  
FITEM,2,1   
FITEM,2,3   
E,P51X  
FLST,2,2,1  
FITEM,2,1   
FITEM,2,4   
E,P51X  
NLIST,ALL, , ,XYZ,NODE,NODE,NODE
FINISH  
/SOL
/DIST, 1 ,0.924021,1
/REP,FAST   
FLST,2,3,1,ORDE,2   
FITEM,2,2   
FITEM,2,-4  
!*  
/GO 
D,P51X, ,0, , , ,ALL, , , , ,   
FLST,2,1,1,ORDE,1   
FITEM,2,1   
!*  
/GO 
F,P51X,FZ,-5000 
/STATUS,SOLU
SOLVE   
FINISH  
/POST1  
!*  
PRNSOL,U,COMP   
WPSTYLE,,,,,,,,1
WPSTYLE,,,,,,,,0
/ANG, 1 ,-30.000000,XS,1
/REP,FAST   
/VIEW, 1 ,1,2,3 
/ANG, 1 
/REP,FAST   
/VIEW, 1 ,1,1,1 
/ANG, 1 
/REP,FAST   
/ANG, 1 ,-30.000000,XS,1
/REP,FAST   
/ANG, 1 ,-30.000000,XS,1
/REP,FAST   
/ANG, 1 ,30.000000,XS,1 
/REP,FAST   
/ANG, 1 ,30.000000,XS,1 
/REP,FAST   
/ANG, 1 ,30.000000,YS,1 
/REP,FAST   
/ANG, 1 ,-30.000000,YS,1
/REP,FAST   
/ANG, 1 ,30.000000,ZS,1 
/REP,FAST   
/ANG, 1 ,-30.000000,ZS,1
/REP,FAST   
/ANG, 1 ,-30.000000,ZS,1
/REP,FAST   
/ANG, 1 ,-30.000000,ZS,1
/REP,FAST   
/ANG, 1 ,-30.000000,ZS,1
/REP,FAST   
/ANG, 1 ,-30.000000,ZS,1
/REP,FAST   
/ANG, 1 ,-30.000000,YS,1
/REP,FAST   
/ANG, 1 ,30.000000,YS,1 
/REP,FAST   
/ANG, 1 ,30.000000,YS,1 
/REP,FAST   
/ANG, 1 ,30.000000,YS,1 
/REP,FAST   
/ANG, 1 ,30.000000,YS,1 
/REP,FAST   
/ANG, 1 ,30.000000,YS,1 
/REP,FAST   
/ANG, 1 ,-30.000000,ZS,1
/REP,FAST   
/ANG, 1 ,30.000000,ZS,1 
/REP,FAST   
/ANG, 1 ,30.000000,ZS,1 
/REP,FAST   
/ANG, 1 ,30.000000,ZS,1 
/REP,FAST   
/ANG, 1 ,-30.000000,ZS,1
/REP,FAST   
/ANG, 1 ,-30.000000,XS,1
/REP,FAST   
/ANG, 1 ,30.000000,XS,1 
/REP,FAST   
/ANG, 1 ,30.000000,XS,1 
/REP,FAST   
/ANG, 1 ,30.000000,XS,1 
/REP,FAST   
/ANG, 1 ,-30.000000,XS,1
/REP,FAST   
/ANG, 1 ,30.000000,XS,1 
/REP,FAST   
/ANG, 1 ,-30.000000,ZS,1
/REP,FAST   
/ANG, 1 ,30.000000,ZS,1 
/REP,FAST   
/ANG, 1 ,-30.000000,YS,1
/REP,FAST   
/ANG, 1 ,30.000000,XS,1 
/REP,FAST   
/ANG, 1 ,-30.000000,XS,1
/REP,FAST   
/ANG, 1 ,-30.000000,XS,1
/REP,FAST   
/ANG, 1 ,30.000000,ZS,1 
/REP,FAST   
/ANG, 1 ,-30.000000,ZS,1
/REP,FAST   
/ANG, 1 ,-30.000000,ZS,1
/REP,FAST   
/ANG, 1 ,30.000000,XS,1 
/REP,FAST   
/DIST, 1 ,0.924021,1
/REP,FAST   
/DIST, 1 ,1.082226,1
/REP,FAST   
/DIST, 1 ,1.082226,1
/REP,FAST   
/DIST, 1 ,1.082226,1
/REP,FAST   
NLIST,ALL, , ,XYZ,NODE,NODE,NODE
FINISH  
/SOL
FINISH  
/PREP7  
FLST,2,2,1  
FITEM,2,1   
FITEM,2,4   
E,P51X  
FLST,2,2,1  
FITEM,2,1   
FITEM,2,2   
E,P51X  
FLST,2,2,1  
FITEM,2,1   
FITEM,2,3   
E,P51X  
/DIST, 1 ,1.082226,1
/REP,FAST   
FINISH  
/SOL
FLST,2,3,1,ORDE,2   
FITEM,2,2   
FITEM,2,-4  
!*  
/GO 
D,P51X, ,0, , , ,ALL, , , , ,   
/DIST, 1 ,0.924021,1
/REP,FAST   
FLST,2,1,1,ORDE,1   
FITEM,2,1   
!*  
/GO 
F,P51X,FZ,-5000 
/DIST, 1 ,1.082226,1
/REP,FAST   
/DIST, 1 ,1.082226,1
/REP,FAST   
/DIST, 1 ,1.082226,1
/REP,FAST   
/DIST, 1 ,1.082226,1
/REP,FAST   
/DIST, 1 ,0.924021,1
/REP,FAST   
/DIST, 1 ,0.924021,1
/REP,FAST   
/DIST, 1 ,1.082226,1
/REP,FAST   
/DIST, 1 ,1.082226,1
/REP,FAST   
/DIST, 1 ,1.082226,1
/REP,FAST   
/STATUS,SOLU
SOLVE   
!*  
FINISH  
/POST1  
!*  
PRNSOL,U,COMP   
FINISH  
! /EXIT,NOSAV   
/BATCH  
/COM,ANSYS RELEASE 2020 R2           BUILD 20.2      UP20200601       20:49:43
/input,menust,tmp,''
/GRA,POWER
/GST,ON
/PLO,INFO,3
/GRO,CURL,ON
/CPLANE,1   
/REPLOT,RESIZE  
WPSTYLE,,,,,,,,0
RESUME  
/COM,ANSYS RELEASE 2020 R2           BUILD 20.2      UP20200601       20:50:14
NLIST,ALL, , ,XYZ,NODE,NODE,NODE
/PREP7  
N,1,2,0,0,,,,   
N,2,0,1.50,0,,,,
N,3,0,-1.5,0,,,,
N,3,0,-1.5,0,,,,
/ANG, 1 ,-30.000000,XS,1
/REP,FAST   
/ANG, 1 ,30.000000,XS,1 
/REP,FAST   
/ANG, 1 ,-30.000000,YS,1
/REP,FAST   
/ANG, 1 ,30.000000,YS,1 
/REP,FAST   
/ANG, 1 ,30.000000,YS,1 
/REP,FAST   
/ANG, 1 ,-30.000000,YS,1
/REP,FAST   
/ANG, 1 ,-30.000000,ZS,1
/REP,FAST   
/ANG, 1 ,-30.000000,ZS,1
/REP,FAST   
/ANG, 1 ,-30.000000,ZS,1
/REP,FAST   
/ANG, 1 ,30.000000,XS,1 
/REP,FAST   
/ANG, 1 ,-30.000000,XS,1
/REP,FAST   
/ANG, 1 ,30.000000,YS,1 
/REP,FAST   
/ANG, 1 ,30.000000,YS,1 
/REP,FAST   
/ANG, 1 ,30.000000,YS,1 
/REP,FAST   
/ANG, 1 ,30.000000,YS,1 
/REP,FAST   
/ANG, 1 ,30.000000,XS,1 
/REP,FAST   
/ANG, 1 ,-30.000000,XS,1
/REP,FAST   
/ANG, 1 ,-30.000000,XS,1
/REP,FAST   
/ANG, 1 ,30.000000,XS,1 
/REP,FAST   
/ANG, 1 ,-30.000000,ZS,1
/REP,FAST   
/ANG, 1 ,30.000000,ZS,1 
/REP,FAST   
/ANG, 1 ,30.000000,ZS,1 
/REP,FAST   
/ANG, 1 ,-30.000000,YS,1
/REP,FAST   
/ANG, 1 ,-30.000000,YS,1
/REP,FAST   
/ANG, 1 ,30.000000,XS,1 
/REP,FAST   
FLST,2,2,1  
FITEM,2,1   
FITEM,2,2   
E,P51X  
FLST,2,2,1  
FITEM,2,1   
FITEM,2,4   
E,P51X  
FLST,2,2,1  
FITEM,2,1   
FITEM,2,3   
E,P51X  
FINISH  
/SOL
LSCLEAR,ALL 
/DIST, 1 ,0.924021,1
/REP,FAST   
FLST,2,3,1,ORDE,2   
FITEM,2,2   
FITEM,2,-4  
/DIST, 1 ,1.082226,1
/REP,FAST   
!*  
/GO 
D,P51X, ,0, , , , , , , , , 
FLST,2,3,1,ORDE,2   
FITEM,2,2   
FITEM,2,-4  
!*  
/GO 
D,P51X, ,0, , , ,ALL, , , , ,   
/DIST, 1 ,1.082226,1
/REP,FAST   
FLST,2,1,1,ORDE,1   
FITEM,2,1   
!*  
/GO 
F,P51X,FZ,-5000 
/STATUS,SOLU
SOLVE   
FINISH  
/POST1  
!*  
PRNSOL,U,COMP   
FINISH  
! /EXIT,NOSAV   
/BATCH  
/COM,ANSYS RELEASE 2020 R2           BUILD 20.2      UP20200601       20:54:46
/input,menust,tmp,''
/GRA,POWER
/GST,ON
/PLO,INFO,3
/GRO,CURL,ON
/CPLANE,1   
/REPLOT,RESIZE  
WPSTYLE,,,,,,,,0
RESUME  
/COM,ANSYS RELEASE 2020 R2           BUILD 20.2      UP20200601       20:54:50
/POST26 
FILE,'HW2b','rst','.'   
/UI,COLL,1  
NUMVAR,200  
SOLU,191,NCMIT  
STORE,MERGE 
FILLDATA,191,,,,1,1 
REALVAR,191,191 
FINISH  
/POST1  
FINISH  
/SOL
FINISH  
/POST1  
FINISH  
/SOL
FLST,2,1,1,ORDE,1   
FITEM,2,1   
!*  
/GO 
F,P51X,FZ,-5000 
/STATUS,SOLU
SOLVE   
FINISH  
/POST1  
!*  
PRNSOL,U,COMP   
AVPRIN,0,0, 
ETABLE,AXForce,SMISC, 1 
!*  
AVPRIN,0,0, 
ETABLE,AXstress,LS, 1   
!*  
PRETAB,AXFORCE,AXSTRESS 
!*  
PRRSOL, 
SAVE
!*  
!*  
PRETAB,AXFORCE,AXSTRESS 
!*  
SAVE
FINISH  
! /EXIT,MODEL   
